Analysis & Synthesis report for newServo
Fri Jan 24 18:17:09 2020
Quartus Prime Version 16.1.0 Build 196 10/24/2016 SJ Standard Edition


---------------------
; Table of Contents ;
---------------------
  1. Legal Notice
  2. Analysis & Synthesis Summary
  3. Analysis & Synthesis Settings
  4. Parallel Compilation
  5. Analysis & Synthesis Source Files Read
  6. Analysis & Synthesis Resource Usage Summary
  7. Analysis & Synthesis Resource Utilization by Entity
  8. User-Specified and Inferred Latches
  9. General Register Statistics
 10. Inverted Register Statistics
 11. Parameter Settings for User Entity Instance: PWM:inst4
 12. Post-Synthesis Netlist Statistics for Top Partition
 13. Elapsed Time Per Partition
 14. Analysis & Synthesis Messages



----------------
; Legal Notice ;
----------------
Copyright (C) 2016  Intel Corporation. All rights reserved.
Your use of Intel Corporation's design tools, logic functions 
and other software and tools, and its AMPP partner logic 
functions, and any output files from any of the foregoing 
(including device programming or simulation files), and any 
associated documentation or information are expressly subject 
to the terms and conditions of the Intel Program License 
Subscription Agreement, the Intel Quartus Prime License Agreement,
the Intel MegaCore Function License Agreement, or other 
applicable license agreement, including, without limitation, 
that your use is for the sole purpose of programming logic 
devices manufactured by Intel and sold by Intel or its 
authorized distributors.  Please refer to the applicable 
agreement for further details.



+--------------------------------------------------------------------------------------+
; Analysis & Synthesis Summary                                                         ;
+------------------------------------+-------------------------------------------------+
; Analysis & Synthesis Status        ; Successful - Fri Jan 24 18:17:09 2020           ;
; Quartus Prime Version              ; 16.1.0 Build 196 10/24/2016 SJ Standard Edition ;
; Revision Name                      ; newServo                                        ;
; Top-level Entity Name              ; KK                                              ;
; Family                             ; Cyclone IV E                                    ;
; Total logic elements               ; 156                                             ;
;     Total combinational functions  ; 155                                             ;
;     Dedicated logic registers      ; 61                                              ;
; Total registers                    ; 61                                              ;
; Total pins                         ; 6                                               ;
; Total virtual pins                 ; 0                                               ;
; Total memory bits                  ; 0                                               ;
; Embedded Multiplier 9-bit elements ; 0                                               ;
; Total PLLs                         ; 0                                               ;
+------------------------------------+-------------------------------------------------+


+----------------------------------------------------------------------------------------------------------------------+
; Analysis & Synthesis Settings                                                                                        ;
+----------------------------------------------------------------------------+--------------------+--------------------+
; Option                                                                     ; Setting            ; Default Value      ;
+----------------------------------------------------------------------------+--------------------+--------------------+
; Device                                                                     ; EP4CE22F17C6       ;                    ;
; Top-level entity name                                                      ; KK                 ; newServo           ;
; Family name                                                                ; Cyclone IV E       ; Cyclone V          ;
; Use smart compilation                                                      ; Off                ; Off                ;
; Enable parallel Assembler and TimeQuest Timing Analyzer during compilation ; On                 ; On                 ;
; Enable compact report table                                                ; Off                ; Off                ;
; Restructure Multiplexers                                                   ; Auto               ; Auto               ;
; Create Debugging Nodes for IP Cores                                        ; Off                ; Off                ;
; Preserve fewer node names                                                  ; On                 ; On                 ;
; OpenCore Plus hardware evaluation                                          ; Enable             ; Enable             ;
; Verilog Version                                                            ; Verilog_2001       ; Verilog_2001       ;
; VHDL Version                                                               ; VHDL_1993          ; VHDL_1993          ;
; State Machine Processing                                                   ; Auto               ; Auto               ;
; Safe State Machine                                                         ; Off                ; Off                ;
; Extract Verilog State Machines                                             ; On                 ; On                 ;
; Extract VHDL State Machines                                                ; On                 ; On                 ;
; Ignore Verilog initial constructs                                          ; Off                ; Off                ;
; Iteration limit for constant Verilog loops                                 ; 5000               ; 5000               ;
; Iteration limit for non-constant Verilog loops                             ; 250                ; 250                ;
; Add Pass-Through Logic to Inferred RAMs                                    ; On                 ; On                 ;
; Infer RAMs from Raw Logic                                                  ; On                 ; On                 ;
; Parallel Synthesis                                                         ; On                 ; On                 ;
; DSP Block Balancing                                                        ; Auto               ; Auto               ;
; NOT Gate Push-Back                                                         ; On                 ; On                 ;
; Power-Up Don't Care                                                        ; On                 ; On                 ;
; Remove Redundant Logic Cells                                               ; Off                ; Off                ;
; Remove Duplicate Registers                                                 ; On                 ; On                 ;
; Ignore CARRY Buffers                                                       ; Off                ; Off                ;
; Ignore CASCADE Buffers                                                     ; Off                ; Off                ;
; Ignore GLOBAL Buffers                                                      ; Off                ; Off                ;
; Ignore ROW GLOBAL Buffers                                                  ; Off                ; Off                ;
; Ignore LCELL Buffers                                                       ; Off                ; Off                ;
; Ignore SOFT Buffers                                                        ; On                 ; On                 ;
; Limit AHDL Integers to 32 Bits                                             ; Off                ; Off                ;
; Optimization Technique                                                     ; Balanced           ; Balanced           ;
; Carry Chain Length                                                         ; 70                 ; 70                 ;
; Auto Carry Chains                                                          ; On                 ; On                 ;
; Auto Open-Drain Pins                                                       ; On                 ; On                 ;
; Perform WYSIWYG Primitive Resynthesis                                      ; Off                ; Off                ;
; Auto ROM Replacement                                                       ; On                 ; On                 ;
; Auto RAM Replacement                                                       ; On                 ; On                 ;
; Auto DSP Block Replacement                                                 ; On                 ; On                 ;
; Auto Shift Register Replacement                                            ; Auto               ; Auto               ;
; Allow Shift Register Merging across Hierarchies                            ; Auto               ; Auto               ;
; Auto Clock Enable Replacement                                              ; On                 ; On                 ;
; Strict RAM Replacement                                                     ; Off                ; Off                ;
; Allow Synchronous Control Signals                                          ; On                 ; On                 ;
; Force Use of Synchronous Clear Signals                                     ; Off                ; Off                ;
; Auto RAM Block Balancing                                                   ; On                 ; On                 ;
; Auto RAM to Logic Cell Conversion                                          ; Off                ; Off                ;
; Auto Resource Sharing                                                      ; Off                ; Off                ;
; Allow Any RAM Size For Recognition                                         ; Off                ; Off                ;
; Allow Any ROM Size For Recognition                                         ; Off                ; Off                ;
; Allow Any Shift Register Size For Recognition                              ; Off                ; Off                ;
; Use LogicLock Constraints during Resource Balancing                        ; On                 ; On                 ;
; Ignore translate_off and synthesis_off directives                          ; Off                ; Off                ;
; Timing-Driven Synthesis                                                    ; On                 ; On                 ;
; Report Parameter Settings                                                  ; On                 ; On                 ;
; Report Source Assignments                                                  ; On                 ; On                 ;
; Report Connectivity Checks                                                 ; On                 ; On                 ;
; Ignore Maximum Fan-Out Assignments                                         ; Off                ; Off                ;
; Synchronization Register Chain Length                                      ; 2                  ; 2                  ;
; PowerPlay Power Optimization During Synthesis                              ; Normal compilation ; Normal compilation ;
; HDL message level                                                          ; Level2             ; Level2             ;
; Suppress Register Optimization Related Messages                            ; Off                ; Off                ;
; Number of Removed Registers Reported in Synthesis Report                   ; 5000               ; 5000               ;
; Number of Swept Nodes Reported in Synthesis Report                         ; 5000               ; 5000               ;
; Number of Inverted Registers Reported in Synthesis Report                  ; 100                ; 100                ;
; Clock MUX Protection                                                       ; On                 ; On                 ;
; Auto Gated Clock Conversion                                                ; Off                ; Off                ;
; Block Design Naming                                                        ; Auto               ; Auto               ;
; SDC constraint protection                                                  ; Off                ; Off                ;
; Synthesis Effort                                                           ; Auto               ; Auto               ;
; Shift Register Replacement - Allow Asynchronous Clear Signal               ; On                 ; On                 ;
; Pre-Mapping Resynthesis Optimization                                       ; Off                ; Off                ;
; Analysis & Synthesis Message Level                                         ; Medium             ; Medium             ;
; Disable Register Merging Across Hierarchies                                ; Auto               ; Auto               ;
; Resource Aware Inference For Block RAM                                     ; On                 ; On                 ;
+----------------------------------------------------------------------------+--------------------+--------------------+


+------------------------------------------+
; Parallel Compilation                     ;
+----------------------------+-------------+
; Processors                 ; Number      ;
+----------------------------+-------------+
; Number detected on machine ; 8           ;
; Maximum allowed            ; 4           ;
;                            ;             ;
; Average used               ; 1.00        ;
; Maximum used               ; 4           ;
;                            ;             ;
; Usage by Processor         ; % Time Used ;
;     Processor 1            ; 100.0%      ;
;     Processors 2-4         ;   0.0%      ;
+----------------------------+-------------+


+-------------------------------------------------------------------------------------------------------------------------------------------------------+
; Analysis & Synthesis Source Files Read                                                                                                                ;
+----------------------------------+-----------------+------------------------------------+---------------------------------------------------+---------+
; File Name with User-Entered Path ; Used in Netlist ; File Type                          ; File Name with Absolute Path                      ; Library ;
+----------------------------------+-----------------+------------------------------------+---------------------------------------------------+---------+
; contador24seg.vhd                ; yes             ; User VHDL File                     ; C:/Users/Estudiante/Desktop/New/contador24seg.vhd ;         ;
; comparador.vhd                   ; yes             ; User VHDL File                     ; C:/Users/Estudiante/Desktop/New/comparador.vhd    ;         ;
; PWM.vhd                          ; yes             ; User VHDL File                     ; C:/Users/Estudiante/Desktop/New/PWM.vhd           ;         ;
; CLOCK_DIV_50.vhd                 ; yes             ; User VHDL File                     ; C:/Users/Estudiante/Desktop/New/CLOCK_DIV_50.vhd  ;         ;
; KK.bdf                           ; yes             ; User Block Diagram/Schematic File  ; C:/Users/Estudiante/Desktop/New/KK.bdf            ;         ;
; contador_3seg.vhd                ; yes             ; User VHDL File                     ; C:/Users/Estudiante/Desktop/New/contador_3seg.vhd ;         ;
+----------------------------------+-----------------+------------------------------------+---------------------------------------------------+---------+


+---------------------------------------------------------+
; Analysis & Synthesis Resource Usage Summary             ;
+---------------------------------------------+-----------+
; Resource                                    ; Usage     ;
+---------------------------------------------+-----------+
; Estimated Total logic elements              ; 156       ;
;                                             ;           ;
; Total combinational functions               ; 155       ;
; Logic element usage by number of LUT inputs ;           ;
;     -- 4 input functions                    ; 77        ;
;     -- 3 input functions                    ; 27        ;
;     -- <=2 input functions                  ; 51        ;
;                                             ;           ;
; Logic elements by mode                      ;           ;
;     -- normal mode                          ; 126       ;
;     -- arithmetic mode                      ; 29        ;
;                                             ;           ;
; Total registers                             ; 61        ;
;     -- Dedicated logic registers            ; 61        ;
;     -- I/O registers                        ; 0         ;
;                                             ;           ;
; I/O pins                                    ; 6         ;
;                                             ;           ;
; Embedded Multiplier 9-bit elements          ; 0         ;
;                                             ;           ;
; Maximum fan-out node                        ; CLK~input ;
; Maximum fan-out                             ; 27        ;
; Total fan-out                               ; 633       ;
; Average fan-out                             ; 2.78      ;
+---------------------------------------------+-----------+


+----------------------------------------------------------------------------------------------------------------------------------------------------------------------------------------------------------------+
; Analysis & Synthesis Resource Utilization by Entity                                                                                                                                                            ;
+----------------------------+---------------------+---------------------------+-------------+--------------+---------+-----------+------+--------------+-------------------------+---------------+--------------+
; Compilation Hierarchy Node ; Combinational ALUTs ; Dedicated Logic Registers ; Memory Bits ; DSP Elements ; DSP 9x9 ; DSP 18x18 ; Pins ; Virtual Pins ; Full Hierarchy Name     ; Entity Name   ; Library Name ;
+----------------------------+---------------------+---------------------------+-------------+--------------+---------+-----------+------+--------------+-------------------------+---------------+--------------+
; |KK                        ; 155 (0)             ; 61 (0)                    ; 0           ; 0            ; 0       ; 0         ; 6    ; 0            ; |KK                     ; KK            ; work         ;
;    |CLOCK_DIV_50:inst3|    ; 33 (33)             ; 32 (32)                   ; 0           ; 0            ; 0       ; 0         ; 0    ; 0            ; |KK|CLOCK_DIV_50:inst3  ; CLOCK_DIV_50  ; work         ;
;    |PWM:inst4|             ; 99 (99)             ; 19 (19)                   ; 0           ; 0            ; 0       ; 0         ; 0    ; 0            ; |KK|PWM:inst4           ; PWM           ; work         ;
;    |comparador:inst7|      ; 6 (6)               ; 0 (0)                     ; 0           ; 0            ; 0       ; 0         ; 0    ; 0            ; |KK|comparador:inst7    ; comparador    ; work         ;
;    |contador24seg:inst|    ; 8 (8)               ; 5 (5)                     ; 0           ; 0            ; 0       ; 0         ; 0    ; 0            ; |KK|contador24seg:inst  ; contador24seg ; work         ;
;    |contador_3seg:inst6|   ; 9 (9)               ; 5 (5)                     ; 0           ; 0            ; 0       ; 0         ; 0    ; 0            ; |KK|contador_3seg:inst6 ; contador_3seg ; work         ;
+----------------------------+---------------------+---------------------------+-------------+--------------+---------+-----------+------+--------------+-------------------------+---------------+--------------+
Note: For table entries with two numbers listed, the numbers in parentheses indicate the number of resources of the given type used by the specific entity alone. The numbers listed outside of parentheses indicate the total resources of the given type used by the specific entity and all of its sub-entities in the hierarchy.


+---------------------------------------------------------------------------------------------------+
; User-Specified and Inferred Latches                                                               ;
+----------------------------------------------------+---------------------+------------------------+
; Latch Name                                         ; Latch Enable Signal ; Free of Timing Hazards ;
+----------------------------------------------------+---------------------+------------------------+
; PWM:inst4|PWM                                      ; PWM:inst4|Mux1      ; yes                    ;
; Number of user-specified and inferred latches = 1  ;                     ;                        ;
+----------------------------------------------------+---------------------+------------------------+
Note: All latches listed above may not be present at the end of synthesis due to various synthesis optimizations.


+------------------------------------------------------+
; General Register Statistics                          ;
+----------------------------------------------+-------+
; Statistic                                    ; Value ;
+----------------------------------------------+-------+
; Total registers                              ; 61    ;
; Number of registers using Synchronous Clear  ; 6     ;
; Number of registers using Synchronous Load   ; 0     ;
; Number of registers using Asynchronous Clear ; 5     ;
; Number of registers using Asynchronous Load  ; 0     ;
; Number of registers using Clock Enable       ; 3     ;
; Number of registers using Preset             ; 0     ;
+----------------------------------------------+-------+


+--------------------------------------------------+
; Inverted Register Statistics                     ;
+----------------------------------------+---------+
; Inverted Register                      ; Fan out ;
+----------------------------------------+---------+
; PWM:inst4|PWM_Count[0]                 ; 7       ;
; Total number of inverted registers = 1 ;         ;
+----------------------------------------+---------+


+--------------------------------------------------------+
; Parameter Settings for User Entity Instance: PWM:inst4 ;
+----------------+--------+------------------------------+
; Parameter Name ; Value  ; Type                         ;
+----------------+--------+------------------------------+
; max            ; 500000 ; Signed Integer               ;
+----------------+--------+------------------------------+
Note: In order to hide this table in the UI and the text report file, please set the "Show Parameter Settings in Synthesis Report" option in "Analysis and Synthesis Settings -> More Settings" to "Off".


+-----------------------------------------------------+
; Post-Synthesis Netlist Statistics for Top Partition ;
+-----------------------+-----------------------------+
; Type                  ; Count                       ;
+-----------------------+-----------------------------+
; boundary_port         ; 6                           ;
; cycloneiii_ff         ; 61                          ;
;     CLR               ; 2                           ;
;     ENA CLR           ; 3                           ;
;     SCLR              ; 6                           ;
;     plain             ; 50                          ;
; cycloneiii_lcell_comb ; 156                         ;
;     arith             ; 29                          ;
;         2 data inputs ; 26                          ;
;         3 data inputs ; 3                           ;
;     normal            ; 127                         ;
;         1 data inputs ; 5                           ;
;         2 data inputs ; 21                          ;
;         3 data inputs ; 24                          ;
;         4 data inputs ; 77                          ;
;                       ;                             ;
; Max LUT depth         ; 9.00                        ;
; Average LUT depth     ; 4.13                        ;
+-----------------------+-----------------------------+


+-------------------------------+
; Elapsed Time Per Partition    ;
+----------------+--------------+
; Partition Name ; Elapsed Time ;
+----------------+--------------+
; Top            ; 00:00:00     ;
+----------------+--------------+


+-------------------------------+
; Analysis & Synthesis Messages ;
+-------------------------------+
Info: *******************************************************************
Info: Running Quartus Prime Analysis & Synthesis
    Info: Version 16.1.0 Build 196 10/24/2016 SJ Standard Edition
    Info: Processing started: Fri Jan 24 18:16:57 2020
Info: Command: quartus_map --read_settings_files=on --write_settings_files=off newServo -c newServo
Warning (18236): Number of processors has not been specified which may cause overloading on shared machines.  Set the global assignment NUM_PARALLEL_PROCESSORS in your QSF to an appropriate value for best performance.
Info (20030): Parallel compilation is enabled and will use 4 of the 4 processors detected
Info (12021): Found 2 design units, including 1 entities, in source file contador24seg.vhd
    Info (12022): Found design unit 1: contador24seg-solution File: C:/Users/Estudiante/Desktop/New/contador24seg.vhd Line: 16
    Info (12023): Found entity 1: contador24seg File: C:/Users/Estudiante/Desktop/New/contador24seg.vhd Line: 5
Info (12021): Found 2 design units, including 1 entities, in source file comparador.vhd
    Info (12022): Found design unit 1: comparador-intensidad File: C:/Users/Estudiante/Desktop/New/comparador.vhd Line: 11
    Info (12023): Found entity 1: comparador File: C:/Users/Estudiante/Desktop/New/comparador.vhd Line: 5
Info (12021): Found 2 design units, including 1 entities, in source file pwm.vhd
    Info (12022): Found design unit 1: PWM-PWM File: C:/Users/Estudiante/Desktop/New/PWM.vhd Line: 25
    Info (12023): Found entity 1: PWM File: C:/Users/Estudiante/Desktop/New/PWM.vhd Line: 11
Info (12021): Found 2 design units, including 1 entities, in source file clock_div_50.vhd
    Info (12022): Found design unit 1: CLOCK_DIV_50-a File: C:/Users/Estudiante/Desktop/New/CLOCK_DIV_50.vhd Line: 18
    Info (12023): Found entity 1: CLOCK_DIV_50 File: C:/Users/Estudiante/Desktop/New/CLOCK_DIV_50.vhd Line: 6
Info (12021): Found 1 design units, including 1 entities, in source file kk.bdf
    Info (12023): Found entity 1: KK
Info (12021): Found 2 design units, including 1 entities, in source file contador_3seg.vhd
    Info (12022): Found design unit 1: contador_3seg-sol File: C:/Users/Estudiante/Desktop/New/contador_3seg.vhd Line: 11
    Info (12023): Found entity 1: contador_3seg File: C:/Users/Estudiante/Desktop/New/contador_3seg.vhd Line: 5
Info (12127): Elaborating entity "KK" for the top level hierarchy
Info (12128): Elaborating entity "PWM" for hierarchy "PWM:inst4"
Warning (10631): VHDL Process Statement warning at PWM.vhd(33): inferring latch(es) for signal or variable "PWM", which holds its previous value in one or more paths through the process File: C:/Users/Estudiante/Desktop/New/PWM.vhd Line: 33
Info (10041): Inferred latch for "PWM" at PWM.vhd(33) File: C:/Users/Estudiante/Desktop/New/PWM.vhd Line: 33
Info (12128): Elaborating entity "contador_3seg" for hierarchy "contador_3seg:inst6"
Warning (10631): VHDL Process Statement warning at contador_3seg.vhd(15): inferring latch(es) for signal or variable "tres_seg", which holds its previous value in one or more paths through the process File: C:/Users/Estudiante/Desktop/New/contador_3seg.vhd Line: 15
Info (10041): Inferred latch for "tres_seg" at contador_3seg.vhd(15) File: C:/Users/Estudiante/Desktop/New/contador_3seg.vhd Line: 15
Info (12128): Elaborating entity "CLOCK_DIV_50" for hierarchy "CLOCK_DIV_50:inst3"
Info (12128): Elaborating entity "comparador" for hierarchy "comparador:inst7"
Info (12128): Elaborating entity "contador24seg" for hierarchy "contador24seg:inst"
Warning (13012): Latch PWM:inst4|PWM has unsafe behavior File: C:/Users/Estudiante/Desktop/New/PWM.vhd Line: 19
    Warning (13013): Ports D and ENA on the latch are fed by the same signal contador_3seg:inst6|Q[2] File: C:/Users/Estudiante/Desktop/New/contador_3seg.vhd Line: 17
Info (286030): Timing-Driven Synthesis is running
Info (16010): Generating hard_block partition "hard_block:auto_generated_inst"
    Info (16011): Adding 0 node(s), including 0 DDIO, 0 PLL, 0 transceiver and 0 LCELL
Info (21057): Implemented 162 device resources after synthesis - the final resource count might be different
    Info (21058): Implemented 2 input pins
    Info (21059): Implemented 4 output pins
    Info (21061): Implemented 156 logic cells
Info: Quartus Prime Analysis & Synthesis was successful. 0 errors, 5 warnings
    Info: Peak virtual memory: 4814 megabytes
    Info: Processing ended: Fri Jan 24 18:17:09 2020
    Info: Elapsed time: 00:00:12
    Info: Total CPU time (on all processors): 00:00:26


